<?xml version="1.0" encoding="UTF-8"?>
<!-- Generated by org.testng.reporters.JUnitXMLReporter -->
<testsuite hostname="ATLCOGFV00063" ignored="0" name="CreateNewsCH3" tests="1" failures="0" timestamp="03 Feb 2018 20:20:50 GMT" time="42.808" errors="0">
  <testcase name="@AfterTest afterTest" time="0.031" classname="lib.BeforeDriverTest">
    <failure type="java.lang.NullPointerException">
      <![CDATA[java.lang.NullPointerExceptionat lib.BeforeDriverTest.afterTest(BeforeDriverTest.java:51)... Removed 24 stack frames]]>
    </failure>
  </testcase> <!-- @AfterTest afterTest -->
  <testcase name="f" time="37.982" classname="automationFramework.CreateNews"/>
</testsuite> <!-- CreateNewsCH3 -->
