<?xml version="1.0" encoding="UTF-8"?>
<!-- Generated by org.testng.reporters.JUnitXMLReporter -->
<testsuite hostname="ATLCOGFV00063" ignored="0" name="CreateServiceAlertCH" tests="0" failures="0" timestamp="01 Feb 2018 21:26:41 GMT" time="17.497" errors="0">
  <testcase name="@AfterTest afterTest" time="0.05" classname="lib.BeforeDriverTest">
    <failure type="java.lang.NullPointerException">
      <![CDATA[java.lang.NullPointerExceptionat lib.BeforeDriverTest.afterTest(BeforeDriverTest.java:51)... Removed 24 stack frames]]>
    </failure>
  </testcase> <!-- @AfterTest afterTest -->
  <testcase name="@AfterTest tearDown" time="0.0" classname="automationFramework.CreateServiceAlert">
    <skipped/>
  </testcase> <!-- @AfterTest tearDown -->
  <testcase name="@AfterTest tearDown" time="0.0" classname="automationFramework.UpdateUserProfile">
    <skipped/>
  </testcase> <!-- @AfterTest tearDown -->
  <testcase name="@AfterTest tearDown" time="0.0" classname="automationFramework.CreateEvent">
    <skipped/>
  </testcase> <!-- @AfterTest tearDown -->
  <testcase name="@AfterTest tearDown" time="0.0" classname="automationFramework.CreateIncident">
    <skipped/>
  </testcase> <!-- @AfterTest tearDown -->
</testsuite> <!-- CreateServiceAlertCH -->
