<?xml version="1.0" encoding="UTF-8"?>
<!-- Generated by org.testng.reporters.JUnitXMLReporter -->
<testsuite hostname="ATLCOGFV00063" ignored="0" name="CreateNews" tests="1" failures="1" timestamp="26 Dec 2017 14:04:07 GMT" time="3.645" errors="0">
  <testcase name="@AfterMethod getResult" time="0.001" classname="lib.BeforeDriverTest">
    <failure type="java.lang.NullPointerException">
      <![CDATA[java.lang.NullPointerExceptionat lib.BeforeDriverTest.getResult(BeforeDriverTest.java:25)... Removed 28 stack frames]]>
    </failure>
  </testcase> <!-- @AfterMethod getResult -->
  <testcase name="@AfterTest afterTest" time="0.0" classname="lib.BeforeDriverTest">
    <skipped/>
  </testcase> <!-- @AfterTest afterTest -->
  <testcase name="f" time="0.013" classname="automationFramework.CreateNews">
    <failure type="java.lang.NullPointerException">
      <![CDATA[java.lang.NullPointerExceptionat automationFramework.CreateNews.f(CreateNews.java:64)... Removed 25 stack frames]]>
    </failure>
  </testcase> <!-- f -->
</testsuite> <!-- CreateNews -->
