<?xml version="1.0" encoding="UTF-8"?>
<!-- Generated by org.testng.reporters.JUnitXMLReporter -->
<testsuite hostname="ATLCOGFV00063" ignored="0" name="FirefoxTest" tests="1" failures="1" timestamp="20 Dec 2017 05:06:55 GMT" time="19.756" errors="0">
  <testcase name="Test" time="10.703" classname="automationFramework.CreateIncident">
    <failure type="org.openqa.selenium.remote.UnreachableBrowserException" message="Error communicating with the remote browser. It may have died.
Build info: version: &amp;apos;2.53.0&amp;apos;, revision: &amp;apos;35ae25b&amp;apos;, time: &amp;apos;2016-03-15 16:57:40&amp;apos;
System info: host: &amp;apos;ATLCOGFV00063&amp;apos;, ip: &amp;apos;172.31.44.49&amp;apos;, os.name: &amp;apos;Windows 10&amp;apos;, os.arch: &amp;apos;amd64&amp;apos;, os.version: &amp;apos;10.0&amp;apos;, java.version: &amp;apos;1.8.0_151&amp;apos;
Driver info: driver.version: RemoteWebDriver
Capabilities [{applicationCacheEnabled=true, rotatable=false, handlesAlerts=true, databaseEnabled=true, version=46.0.1, platform=WINDOWS, nativeEvents=false, acceptSslCerts=true, webStorageEnabled=true, locationContextEnabled=true, browserName=firefox, takesScreenshot=true, javascriptEnabled=true, cssSelectorsEnabled=true}]
Session ID: bf997983-0eae-4816-9f7a-565ee998f229">
      <![CDATA[org.openqa.selenium.remote.UnreachableBrowserException: Error communicating with the remote browser. It may have died.Build info: version: '2.53.0', revision: '35ae25b', time: '2016-03-15 16:57:40'System info: host: 'ATLCOGFV00063', ip: '172.31.44.49', os.name: 'Windows 10', os.arch: 'amd64', os.version: '10.0', java.version: '1.8.0_151'Driver info: driver.version: RemoteWebDriverCapabilities [{applicationCacheEnabled=true, rotatable=false, handlesAlerts=true, databaseEnabled=true, version=46.0.1, platform=WINDOWS, nativeEvents=false, acceptSslCerts=true, webStorageEnabled=true, locationContextEnabled=true, browserName=firefox, takesScreenshot=true, javascriptEnabled=true, cssSelectorsEnabled=true}]Session ID: bf997983-0eae-4816-9f7a-565ee998f229at org.openqa.selenium.remote.RemoteWebDriver.execute(RemoteWebDriver.java:665)at org.openqa.selenium.remote.RemoteWebDriver.get(RemoteWebDriver.java:316)at automationFramework.CreateIncident.Test(CreateIncident.java:42)Caused by: org.apache.http.conn.HttpHostConnectException: Connect to 127.0.0.1:7055 [/127.0.0.1] failed: Connection refused: connectat org.apache.http.impl.conn.DefaultHttpClientConnectionOperator.connect(DefaultHttpClientConnectionOperator.java:151)at org.apache.http.impl.conn.PoolingHttpClientConnectionManager.connect(PoolingHttpClientConnectionManager.java:353)at org.apache.http.impl.execchain.MainClientExec.establishRoute(MainClientExec.java:380)at org.apache.http.impl.execchain.MainClientExec.execute(MainClientExec.java:236)at org.apache.http.impl.execchain.ProtocolExec.execute(ProtocolExec.java:184)at org.apache.http.impl.execchain.RetryExec.execute(RetryExec.java:88)at org.apache.http.impl.execchain.RedirectExec.execute(RedirectExec.java:110)at org.apache.http.impl.client.InternalHttpClient.doExecute(InternalHttpClient.java:184)at org.apache.http.impl.client.CloseableHttpClient.execute(CloseableHttpClient.java:71)at org.apache.http.impl.client.CloseableHttpClient.execute(CloseableHttpClient.java:55)at org.openqa.selenium.remote.internal.ApacheHttpClient.fallBackExecute(ApacheHttpClient.java:162)at org.openqa.selenium.remote.internal.ApacheHttpClient.execute(ApacheHttpClient.java:90)at org.openqa.selenium.remote.HttpCommandExecutor.execute(HttpCommandExecutor.java:142)at org.openqa.selenium.firefox.internal.NewProfileExtensionConnection.execute(NewProfileExtensionConnection.java:160)at org.openqa.selenium.firefox.FirefoxDriver$LazyCommandExecutor.execute(FirefoxDriver.java:380)at org.openqa.selenium.remote.RemoteWebDriver.execute(RemoteWebDriver.java:644)... 27 moreCaused by: java.net.ConnectException: Connection refused: connectat java.net.DualStackPlainSocketImpl.waitForConnect(Native Method)at java.net.DualStackPlainSocketImpl.socketConnect(Unknown Source)at java.net.AbstractPlainSocketImpl.doConnect(Unknown Source)at java.net.AbstractPlainSocketImpl.connectToAddress(Unknown Source)at java.net.AbstractPlainSocketImpl.connect(Unknown Source)at java.net.PlainSocketImpl.connect(Unknown Source)at java.net.SocksSocketImpl.connect(Unknown Source)at java.net.Socket.connect(Unknown Source)at org.apache.http.conn.socket.PlainConnectionSocketFactory.connectSocket(PlainConnectionSocketFactory.java:74)at org.apache.http.impl.conn.DefaultHttpClientConnectionOperator.connect(DefaultHttpClientConnectionOperator.java:134)... 42 more... Removed 25 stack frames]]>
    </failure>
  </testcase> <!-- Test -->
</testsuite> <!-- FirefoxTest -->
