<?xml version="1.0" encoding="UTF-8"?>
<testng-results skipped="0" failed="0" ignored="0" total="1" passed="1">
  <reporter-output>
    <line>
      <![CDATA[clicking on emailtextbox tab||]]>
    </line>
    <line>
      <![CDATA[clicking on passwordboxtextbox tab||]]>
    </line>
    <line>
      <![CDATA[clicking on signin tab||]]>
    </line>
  </reporter-output>
  <suite name="Suite" duration-ms="43435" started-at="2018-02-01T10:42:08Z" finished-at="2018-02-01T10:42:51Z">
    <groups>
    </groups>
    <test name="CreateServiceAlertCH" duration-ms="43435" started-at="2018-02-01T10:42:08Z" finished-at="2018-02-01T10:42:51Z">
      <class name="automationFramework.CreateIncident">
        <test-method status="PASS" signature="beforeTest(java.lang.String)[pri:0, instance:automationFramework.CreateIncident@7a3d45bd]" name="beforeTest" is-config="true" duration-ms="3886" started-at="2018-02-01T16:12:08Z" finished-at="2018-02-01T16:12:11Z">
          <params>
            <param index="0">
              <value>
                <![CDATA[Chrome]]>
              </value>
            </param>
          </params>
          <reporter-output>
          </reporter-output>
        </test-method> <!-- beforeTest -->
        <test-method status="PASS" signature="Test()[pri:0, instance:automationFramework.CreateIncident@7a3d45bd]" name="Test" duration-ms="39521" started-at="2018-02-01T16:12:11Z" finished-at="2018-02-01T16:12:51Z">
          <reporter-output>
            <line>
              <![CDATA[clicking on emailtextbox tab||]]>
            </line>
            <line>
              <![CDATA[clicking on passwordboxtextbox tab||]]>
            </line>
            <line>
              <![CDATA[clicking on signin tab||]]>
            </line>
          </reporter-output>
        </test-method> <!-- Test -->
      </class> <!-- automationFramework.CreateIncident -->
    </test> <!-- CreateServiceAlertCH -->
  </suite> <!-- Suite -->
</testng-results>
