<?xml version="1.0" encoding="UTF-8"?>
<testng-results skipped="0" failed="0" ignored="0" total="6" passed="6">
  <reporter-output>
    <line>
      <![CDATA[clicking on emailtextbox tab||]]>
    </line>
    <line>
      <![CDATA[clicking on passwordboxtextbox tab||]]>
    </line>
    <line>
      <![CDATA[clicking on signin tab||]]>
    </line>
    <line>
      <![CDATA[clicking on signin tab||]]>
    </line>
    <line>
      <![CDATA[clicking on emailtextbox tab||]]>
    </line>
    <line>
      <![CDATA[clicking on passwordboxtextbox tab||]]>
    </line>
    <line>
      <![CDATA[clicking on signin tab||]]>
    </line>
    <line>
      <![CDATA[clicking on signin tab||]]>
    </line>
    <line>
      <![CDATA[clicking on emailtextbox tab||]]>
    </line>
    <line>
      <![CDATA[clicking on passwordboxtextbox tab||]]>
    </line>
    <line>
      <![CDATA[clicking on signin tab||]]>
    </line>
    <line>
      <![CDATA[clicking on signin tab||]]>
    </line>
    <line>
      <![CDATA[clicking on emailtextbox tab||]]>
    </line>
    <line>
      <![CDATA[clicking on passwordboxtextbox tab||]]>
    </line>
    <line>
      <![CDATA[clicking on signin tab||]]>
    </line>
    <line>
      <![CDATA[clicking on signin tab||]]>
    </line>
    <line>
      <![CDATA[clicking on emailtextbox tab||]]>
    </line>
    <line>
      <![CDATA[clicking on passwordboxtextbox tab||]]>
    </line>
    <line>
      <![CDATA[clicking on signin tab||]]>
    </line>
    <line>
      <![CDATA[clicking on signin tab||]]>
    </line>
    <line>
      <![CDATA[clicking on emailtextbox tab||]]>
    </line>
    <line>
      <![CDATA[clicking on passwordboxtextbox tab||]]>
    </line>
    <line>
      <![CDATA[clicking on signin tab||]]>
    </line>
    <line>
      <![CDATA[clicking on signin tab||]]>
    </line>
  </reporter-output>
  <suite name="Suite" duration-ms="315698" started-at="2018-02-03T20:17:29Z" finished-at="2018-02-03T20:22:45Z">
    <groups>
    </groups>
    <test name="ChromeTest" duration-ms="47310" started-at="2018-02-03T20:17:29Z" finished-at="2018-02-03T20:18:16Z">
      <class name="automationFramework.CreateServiceAlert">
        <test-method status="PASS" signature="beforeTest(java.lang.String)[pri:0, instance:automationFramework.CreateServiceAlert@6043cd28]" name="beforeTest" is-config="true" duration-ms="4854" started-at="2018-02-03T13:17:29Z" finished-at="2018-02-03T13:17:34Z">
          <params>
            <param index="0">
              <value>
                <![CDATA[Chrome]]>
              </value>
            </param>
          </params>
          <reporter-output>
          </reporter-output>
        </test-method> <!-- beforeTest -->
        <test-method status="PASS" signature="f()[pri:0, instance:automationFramework.CreateServiceAlert@6043cd28]" name="f" duration-ms="40791" started-at="2018-02-03T13:17:34Z" finished-at="2018-02-03T13:18:15Z">
          <reporter-output>
            <line>
              <![CDATA[clicking on emailtextbox tab||]]>
            </line>
            <line>
              <![CDATA[clicking on passwordboxtextbox tab||]]>
            </line>
            <line>
              <![CDATA[clicking on signin tab||]]>
            </line>
            <line>
              <![CDATA[clicking on signin tab||]]>
            </line>
          </reporter-output>
        </test-method> <!-- f -->
        <test-method status="PASS" signature="getResult(org.testng.ITestResult)[pri:0, instance:automationFramework.CreateServiceAlert@6043cd28]" name="getResult" is-config="true" duration-ms="1" started-at="2018-02-03T13:18:15Z" finished-at="2018-02-03T13:18:15Z">
          <params>
            <param index="0">
              <value>
                <![CDATA[[TestResult name=f status=SUCCESS method=CreateServiceAlert.f()[pri:0, instance:automationFramework.CreateServiceAlert@6043cd28] output=clicking on emailtextbox tab||]]]>
              </value>
            </param>
          </params>
          <reporter-output>
          </reporter-output>
        </test-method> <!-- getResult -->
        <test-method status="PASS" signature="tearDown()[pri:0, instance:automationFramework.CreateServiceAlert@6043cd28]" name="tearDown" is-config="true" duration-ms="1600" started-at="2018-02-03T13:18:15Z" finished-at="2018-02-03T13:18:16Z">
          <reporter-output>
          </reporter-output>
        </test-method> <!-- tearDown -->
      </class> <!-- automationFramework.CreateServiceAlert -->
    </test> <!-- ChromeTest -->
    <test name="CreateEventCH1" duration-ms="53066" started-at="2018-02-03T20:18:16Z" finished-at="2018-02-03T20:19:09Z">
      <class name="automationFramework.CreateEvent">
        <test-method status="PASS" signature="beforeTest(java.lang.String)[pri:0, instance:automationFramework.CreateEvent@6a1aab78]" name="beforeTest" is-config="true" duration-ms="3054" started-at="2018-02-03T13:18:16Z" finished-at="2018-02-03T13:18:19Z">
          <params>
            <param index="0">
              <value>
                <![CDATA[Chrome]]>
              </value>
            </param>
          </params>
          <reporter-output>
          </reporter-output>
        </test-method> <!-- beforeTest -->
        <test-method status="PASS" signature="f()[pri:0, instance:automationFramework.CreateEvent@6a1aab78]" name="f" duration-ms="46465" started-at="2018-02-03T13:18:19Z" finished-at="2018-02-03T13:19:06Z">
          <reporter-output>
            <line>
              <![CDATA[clicking on emailtextbox tab||]]>
            </line>
            <line>
              <![CDATA[clicking on passwordboxtextbox tab||]]>
            </line>
            <line>
              <![CDATA[clicking on signin tab||]]>
            </line>
            <line>
              <![CDATA[clicking on signin tab||]]>
            </line>
          </reporter-output>
        </test-method> <!-- f -->
        <test-method status="PASS" signature="tearDown()[pri:0, instance:automationFramework.CreateEvent@6a1aab78]" name="tearDown" is-config="true" duration-ms="3543" started-at="2018-02-03T13:19:06Z" finished-at="2018-02-03T13:19:09Z">
          <reporter-output>
          </reporter-output>
        </test-method> <!-- tearDown -->
      </class> <!-- automationFramework.CreateEvent -->
    </test> <!-- CreateEventCH1 -->
    <test name="CreateIncidentCH2" duration-ms="57520" started-at="2018-02-03T20:19:09Z" finished-at="2018-02-03T20:20:07Z">
      <class name="automationFramework.CreateIncident">
        <test-method status="PASS" signature="beforeTest(java.lang.String)[pri:0, instance:automationFramework.CreateIncident@4671e53b]" name="beforeTest" is-config="true" duration-ms="3103" started-at="2018-02-03T13:19:09Z" finished-at="2018-02-03T13:19:12Z">
          <params>
            <param index="0">
              <value>
                <![CDATA[Chrome]]>
              </value>
            </param>
          </params>
          <reporter-output>
          </reporter-output>
        </test-method> <!-- beforeTest -->
        <test-method status="PASS" signature="Test()[pri:0, instance:automationFramework.CreateIncident@4671e53b]" name="Test" duration-ms="52478" started-at="2018-02-03T13:19:12Z" finished-at="2018-02-03T13:20:05Z">
          <reporter-output>
            <line>
              <![CDATA[clicking on emailtextbox tab||]]>
            </line>
            <line>
              <![CDATA[clicking on passwordboxtextbox tab||]]>
            </line>
            <line>
              <![CDATA[clicking on signin tab||]]>
            </line>
            <line>
              <![CDATA[clicking on signin tab||]]>
            </line>
          </reporter-output>
        </test-method> <!-- Test -->
        <test-method status="PASS" signature="tearDown()[pri:0, instance:automationFramework.CreateIncident@4671e53b]" name="tearDown" is-config="true" duration-ms="1936" started-at="2018-02-03T13:20:05Z" finished-at="2018-02-03T13:20:07Z">
          <reporter-output>
          </reporter-output>
        </test-method> <!-- tearDown -->
      </class> <!-- automationFramework.CreateIncident -->
    </test> <!-- CreateIncidentCH2 -->
    <test name="CreateNewsCH3" duration-ms="42808" started-at="2018-02-03T20:20:07Z" finished-at="2018-02-03T20:20:50Z">
      <class name="automationFramework.CreateNews">
        <test-method status="PASS" signature="beforeTest(java.lang.String)[pri:0, instance:automationFramework.CreateNews@33723e30]" name="beforeTest" is-config="true" duration-ms="3228" started-at="2018-02-03T13:20:07Z" finished-at="2018-02-03T13:20:10Z">
          <params>
            <param index="0">
              <value>
                <![CDATA[Chrome]]>
              </value>
            </param>
          </params>
          <reporter-output>
          </reporter-output>
        </test-method> <!-- beforeTest -->
        <test-method status="PASS" signature="f()[pri:0, instance:automationFramework.CreateNews@33723e30]" name="f" duration-ms="37982" started-at="2018-02-03T13:20:10Z" finished-at="2018-02-03T13:20:48Z">
          <reporter-output>
            <line>
              <![CDATA[clicking on emailtextbox tab||]]>
            </line>
            <line>
              <![CDATA[clicking on passwordboxtextbox tab||]]>
            </line>
            <line>
              <![CDATA[clicking on signin tab||]]>
            </line>
            <line>
              <![CDATA[clicking on signin tab||]]>
            </line>
          </reporter-output>
        </test-method> <!-- f -->
        <test-method status="PASS" signature="tearDown()[pri:0, instance:automationFramework.CreateNews@33723e30]" name="tearDown" is-config="true" duration-ms="1558" started-at="2018-02-03T13:20:48Z" finished-at="2018-02-03T13:20:50Z">
          <reporter-output>
          </reporter-output>
        </test-method> <!-- tearDown -->
        <test-method status="PASS" signature="getResult(org.testng.ITestResult)[pri:0, instance:automationFramework.CreateNews@33723e30]" name="getResult" is-config="true" duration-ms="0" started-at="2018-02-03T13:20:48Z" finished-at="2018-02-03T13:20:48Z">
          <params>
            <param index="0">
              <value>
                <![CDATA[[TestResult name=f status=SUCCESS method=CreateNews.f()[pri:0, instance:automationFramework.CreateNews@33723e30] output=clicking on emailtextbox tab||]]]>
              </value>
            </param>
          </params>
          <reporter-output>
          </reporter-output>
        </test-method> <!-- getResult -->
        <test-method status="FAIL" signature="afterTest()[pri:0, instance:automationFramework.CreateNews@33723e30]" name="afterTest" is-config="true" duration-ms="31" started-at="2018-02-03T13:20:50Z" depends-on-methods="automationFramework.CreateNews.tearDown" finished-at="2018-02-03T13:20:50Z">
          <exception class="java.lang.NullPointerException">
            <full-stacktrace>
              <![CDATA[java.lang.NullPointerExceptionat lib.BeforeDriverTest.afterTest(BeforeDriverTest.java:51)at sun.reflect.NativeMethodAccessorImpl.invoke0(Native Method)at sun.reflect.NativeMethodAccessorImpl.invoke(NativeMethodAccessorImpl.java:62)at sun.reflect.DelegatingMethodAccessorImpl.invoke(DelegatingMethodAccessorImpl.java:43)at java.lang.reflect.Method.invoke(Method.java:498)at org.testng.internal.MethodInvocationHelper.invokeMethod(MethodInvocationHelper.java:124)at org.testng.internal.MethodInvocationHelper.invokeMethodConsideringTimeout(MethodInvocationHelper.java:59)at org.testng.internal.Invoker.invokeConfigurationMethod(Invoker.java:451)at org.testng.internal.Invoker.invokeConfigurations(Invoker.java:222)at org.testng.internal.Invoker.invokeConfigurations(Invoker.java:142)at org.testng.TestRunner.afterRun(TestRunner.java:725)at org.testng.TestRunner.run(TestRunner.java:509)at org.testng.SuiteRunner.runTest(SuiteRunner.java:455)at org.testng.SuiteRunner.runSequentially(SuiteRunner.java:450)at org.testng.SuiteRunner.privateRun(SuiteRunner.java:415)at org.testng.SuiteRunner.run(SuiteRunner.java:364)at org.testng.SuiteRunnerWorker.runSuite(SuiteRunnerWorker.java:52)at org.testng.SuiteRunnerWorker.run(SuiteRunnerWorker.java:84)at org.testng.TestNG.runSuitesSequentially(TestNG.java:1187)at org.testng.TestNG.runSuitesLocally(TestNG.java:1116)at org.testng.TestNG.runSuites(TestNG.java:1028)at org.testng.TestNG.run(TestNG.java:996)at org.testng.remote.AbstractRemoteTestNG.run(AbstractRemoteTestNG.java:114)at org.testng.remote.RemoteTestNG.initAndRun(RemoteTestNG.java:251)at org.testng.remote.RemoteTestNG.main(RemoteTestNG.java:77)]]>
            </full-stacktrace>
          </exception> <!-- java.lang.NullPointerException -->
          <reporter-output>
          </reporter-output>
        </test-method> <!-- afterTest -->
      </class> <!-- automationFramework.CreateNews -->
    </test> <!-- CreateNewsCH3 -->
    <test name="CreateServiceAlertCH4" duration-ms="57295" started-at="2018-02-03T20:20:50Z" finished-at="2018-02-03T20:21:47Z">
      <class name="automationFramework.CreateServiceAlert">
        <test-method status="PASS" signature="beforeTest(java.lang.String)[pri:0, instance:automationFramework.CreateServiceAlert@23fe1d71]" name="beforeTest" is-config="true" duration-ms="3280" started-at="2018-02-03T13:20:50Z" finished-at="2018-02-03T13:20:53Z">
          <params>
            <param index="0">
              <value>
                <![CDATA[Chrome]]>
              </value>
            </param>
          </params>
          <reporter-output>
          </reporter-output>
        </test-method> <!-- beforeTest -->
        <test-method status="PASS" signature="f()[pri:0, instance:automationFramework.CreateServiceAlert@23fe1d71]" name="f" duration-ms="51823" started-at="2018-02-03T13:20:53Z" finished-at="2018-02-03T13:21:45Z">
          <reporter-output>
            <line>
              <![CDATA[clicking on emailtextbox tab||]]>
            </line>
            <line>
              <![CDATA[clicking on passwordboxtextbox tab||]]>
            </line>
            <line>
              <![CDATA[clicking on signin tab||]]>
            </line>
            <line>
              <![CDATA[clicking on signin tab||]]>
            </line>
          </reporter-output>
        </test-method> <!-- f -->
        <test-method status="PASS" signature="getResult(org.testng.ITestResult)[pri:0, instance:automationFramework.CreateServiceAlert@23fe1d71]" name="getResult" is-config="true" duration-ms="1" started-at="2018-02-03T13:21:45Z" finished-at="2018-02-03T13:21:45Z">
          <params>
            <param index="0">
              <value>
                <![CDATA[[TestResult name=f status=SUCCESS method=CreateServiceAlert.f()[pri:0, instance:automationFramework.CreateServiceAlert@23fe1d71] output=clicking on emailtextbox tab||]]]>
              </value>
            </param>
          </params>
          <reporter-output>
          </reporter-output>
        </test-method> <!-- getResult -->
        <test-method status="PASS" signature="tearDown()[pri:0, instance:automationFramework.CreateServiceAlert@23fe1d71]" name="tearDown" is-config="true" duration-ms="2178" started-at="2018-02-03T13:21:45Z" finished-at="2018-02-03T13:21:47Z">
          <reporter-output>
          </reporter-output>
        </test-method> <!-- tearDown -->
      </class> <!-- automationFramework.CreateServiceAlert -->
    </test> <!-- CreateServiceAlertCH4 -->
    <test name="UpdateUserProfile" duration-ms="57606" started-at="2018-02-03T20:21:47Z" finished-at="2018-02-03T20:22:45Z">
      <class name="automationFramework.UpdateUserProfile">
        <test-method status="PASS" signature="beforeTest(java.lang.String)[pri:0, instance:automationFramework.UpdateUserProfile@7403c468]" name="beforeTest" is-config="true" duration-ms="3220" started-at="2018-02-03T13:21:47Z" finished-at="2018-02-03T13:21:50Z">
          <params>
            <param index="0">
              <value>
                <![CDATA[Chrome]]>
              </value>
            </param>
          </params>
          <reporter-output>
          </reporter-output>
        </test-method> <!-- beforeTest -->
        <test-method status="PASS" signature="Test()[pri:0, instance:automationFramework.UpdateUserProfile@7403c468]" name="Test" duration-ms="52618" started-at="2018-02-03T13:21:50Z" finished-at="2018-02-03T13:22:43Z">
          <reporter-output>
            <line>
              <![CDATA[clicking on emailtextbox tab||]]>
            </line>
            <line>
              <![CDATA[clicking on passwordboxtextbox tab||]]>
            </line>
            <line>
              <![CDATA[clicking on signin tab||]]>
            </line>
            <line>
              <![CDATA[clicking on signin tab||]]>
            </line>
          </reporter-output>
        </test-method> <!-- Test -->
        <test-method status="PASS" signature="tearDown()[pri:0, instance:automationFramework.UpdateUserProfile@7403c468]" name="tearDown" is-config="true" duration-ms="1762" started-at="2018-02-03T13:22:43Z" finished-at="2018-02-03T13:22:45Z">
          <reporter-output>
          </reporter-output>
        </test-method> <!-- tearDown -->
      </class> <!-- automationFramework.UpdateUserProfile -->
    </test> <!-- UpdateUserProfile -->
  </suite> <!-- Suite -->
</testng-results>
